# JRE version: OpenJDK Runtime Environment (11.0.13) (build 11.0.13+0-b1751.21-8125866)
# Java VM: OpenJDK 64-Bit Server VM (11.0.13+0-b1751.21-8125866, mixed mode, tiered, compressed oops, g1 gc, windows-amd64)
Heap:
 garbage-first heap   total 258048K, used 175190K [0x0000000080000000, 0x0000000100000000)
  region size 1024K, 130 young (133120K), 9 survivors (9216K)
 Metaspace       used 72586K, capacity 74461K, committed 74748K, reserved 1116160K
  class space    used 9404K, capacity 10074K, committed 10112K, reserved 1048576K
GC Heap History (14 events):
Event: 0.564 GC heap before
{Heap before GC invocations=0 (full 0):
 garbage-first heap   total 258048K, used 26624K [0x0000000080000000, 0x0000000100000000)
  region size 1024K, 24 young (24576K), 0 survivors (0K)
 Metaspace       used 10191K, capacity 10397K, committed 10624K, reserved 1058816K
  class space    used 1042K, capacity 1108K, committed 1152K, reserved 1048576K
}
Event: 0.567 GC heap after
{Heap after GC invocations=1 (full 0):
 garbage-first heap   total 258048K, used 9417K [0x0000000080000000, 0x0000000100000000)
  region size 1024K, 3 young (3072K), 3 survivors (3072K)
 Metaspace       used 10191K, capacity 10397K, committed 10624K, reserved 1058816K
  class space    used 1042K, capacity 1108K, committed 1152K, reserved 1048576K
}
Event: 2.816 GC heap before
{Heap before GC invocations=1 (full 0):
 garbage-first heap   total 258048K, used 118985K [0x0000000080000000, 0x0000000100000000)
  region size 1024K, 111 young (113664K), 3 survivors (3072K)
 Metaspace       used 20852K, capacity 21217K, committed 21296K, reserved 1069056K
  class space    used 2520K, capacity 2652K, committed 2688K, reserved 1048576K
}
Event: 2.871 GC heap after
{Heap after GC invocations=2 (full 0):
 garbage-first heap   total 258048K, used 16784K [0x0000000080000000, 0x0000000100000000)
  region size 1024K, 11 young (11264K), 11 survivors (11264K)
 Metaspace       used 20852K, capacity 21217K, committed 21296K, reserved 1069056K
  class space    used 2520K, capacity 2652K, committed 2688K, reserved 1048576K
}
Event: 3.530 GC heap before
{Heap before GC invocations=3 (full 0):
 garbage-first heap   total 258048K, used 69008K [0x0000000080000000, 0x0000000100000000)
  region size 1024K, 62 young (63488K), 11 survivors (11264K)
 Metaspace       used 26189K, capacity 26748K, committed 26928K, reserved 1073152K
  class space    used 3380K, capacity 3590K, committed 3712K, reserved 1048576K
}
Event: 3.539 GC heap after
{Heap after GC invocations=4 (full 0):
 garbage-first heap   total 258048K, used 19245K [0x0000000080000000, 0x0000000100000000)
  region size 1024K, 3 young (3072K), 3 survivors (3072K)
 Metaspace       used 26189K, capacity 26748K, committed 26928K, reserved 1073152K
  class space    used 3380K, capacity 3590K, committed 3712K, reserved 1048576K
}
Event: 5.015 GC heap before
{Heap before GC invocations=5 (full 0):
 garbage-first heap   total 258048K, used 143149K [0x0000000080000000, 0x0000000100000000)
  region size 1024K, 122 young (124928K), 3 survivors (3072K)
 Metaspace       used 41103K, capacity 42021K, committed 42160K, reserved 1085440K
  class space    used 5201K, capacity 5552K, committed 5632K, reserved 1048576K
}
Event: 5.029 GC heap after
{Heap after GC invocations=6 (full 0):
 garbage-first heap   total 258048K, used 26629K [0x0000000080000000, 0x0000000100000000)
  region size 1024K, 10 young (10240K), 10 survivors (10240K)
 Metaspace       used 41103K, capacity 42021K, committed 42160K, reserved 1085440K
  class space    used 5201K, capacity 5552K, committed 5632K, reserved 1048576K
}
Event: 5.339 GC heap before
{Heap before GC invocations=6 (full 0):
 garbage-first heap   total 258048K, used 56325K [0x0000000080000000, 0x0000000100000000)
  region size 1024K, 40 young (40960K), 10 survivors (10240K)
 Metaspace       used 44218K, capacity 45220K, committed 45308K, reserved 1089536K
  class space    used 5576K, capacity 5971K, committed 6016K, reserved 1048576K
}
Event: 5.348 GC heap after
{Heap after GC invocations=7 (full 0):
 garbage-first heap   total 258048K, used 27169K [0x0000000080000000, 0x0000000100000000)
  region size 1024K, 11 young (11264K), 11 survivors (11264K)
 Metaspace       used 44218K, capacity 45220K, committed 45308K, reserved 1089536K
  class space    used 5576K, capacity 5971K, committed 6016K, reserved 1048576K
}
Event: 7.102 GC heap before
{Heap before GC invocations=8 (full 0):
 garbage-first heap   total 258048K, used 174625K [0x0000000080000000, 0x0000000100000000)
  region size 1024K, 151 young (154624K), 11 survivors (11264K)
 Metaspace       used 49987K, capacity 51442K, committed 51580K, reserved 1093632K
  class space    used 6360K, capacity 6888K, committed 6912K, reserved 1048576K
}
Event: 7.113 GC heap after
{Heap after GC invocations=9 (full 0):
 garbage-first heap   total 258048K, used 42353K [0x0000000080000000, 0x0000000100000000)
  region size 1024K, 19 young (19456K), 19 survivors (19456K)
 Metaspace       used 49987K, capacity 51442K, committed 51580K, reserved 1093632K
  class space    used 6360K, capacity 6888K, committed 6912K, reserved 1048576K
}
Event: 9.028 GC heap before
{Heap before GC invocations=9 (full 0):
 garbage-first heap   total 258048K, used 183665K [0x0000000080000000, 0x0000000100000000)
  region size 1024K, 151 young (154624K), 19 survivors (19456K)
 Metaspace       used 64938K, capacity 66634K, committed 66940K, reserved 1107968K
  class space    used 8222K, capacity 8875K, committed 8960K, reserved 1048576K
}
Event: 9.042 GC heap after
{Heap after GC invocations=10 (full 0):
 garbage-first heap   total 258048K, used 51286K [0x0000000080000000, 0x0000000100000000)
  region size 1024K, 9 young (9216K), 9 survivors (9216K)
 Metaspace       used 64938K, capacity 66634K, committed 66940K, reserved 1107968K
  class space    used 8222K, capacity 8875K, committed 8960K, reserved 1048576K
}

